<?xml version="1.0" encoding="UTF-8"?>
<!-- Generated by org.testng.reporters.JUnitReportReporter -->
<testsuite hostname="MR-09" failures="0" tests="1" name="WITHOUTPAGEFACTORYAPPROACH.loginTest" time="1.839" errors="0" timestamp="2025-04-16T16:56:50 IST" skipped="0">
  <testcase classname="WITHOUTPAGEFACTORYAPPROACH.loginTest" name="test1" time="1.839"/>
</testsuite> <!-- WITHOUTPAGEFACTORYAPPROACH.loginTest -->
