<?xml version="1.0" encoding="UTF-8"?>
<!-- Generated by org.testng.reporters.JUnitReportReporter -->
<testsuite hostname="MR-09" failures="0" tests="1" name="PAGEFACTORYAPPROACH.loginTest" time="1.863" errors="0" timestamp="2025-04-16T17:31:32 IST" skipped="0">
  <testcase classname="PAGEFACTORYAPPROACH.loginTest" name="test1" time="1.863"/>
</testsuite> <!-- PAGEFACTORYAPPROACH.loginTest -->
