<?xml version="1.0" encoding="UTF-8"?>
<!-- Generated by org.testng.reporters.JUnitReportReporter -->
<testsuite hostname="MR-09" failures="0" tests="1" name="testCases.TC001_AccountRegistrationTest" time="1.790" errors="0" timestamp="2025-04-18T17:29:10 IST" skipped="0">
  <testcase classname="testCases.TC001_AccountRegistrationTest" name="verify_account_Registrration" time="1.790"/>
</testsuite> <!-- testCases.TC001_AccountRegistrationTest -->
