<?xml version="1.0" encoding="UTF-8"?>
<!-- Generated by org.testng.reporters.JUnitReportReporter -->
<testsuite hostname="MR-09" failures="0" tests="3" name="AprilMavenProject.AprilMavenProject.ExcelSheet" time="27.737" errors="0" timestamp="2025-04-11T11:34:23 IST" skipped="0">
  <testcase classname="AprilMavenProject.AprilMavenProject.ExcelSheet" name="readDataFromExcel" time="1.690"/>
  <testcase classname="AprilMavenProject.AprilMavenProject.ExcelSheet" name="userInputDataWriteIntoExcelsheetfromUserInput" time="24.600"/>
  <testcase classname="AprilMavenProject.AprilMavenProject.ExcelSheet" name="RandomdataIntoExcelsheet" time="1.447"/>
</testsuite> <!-- AprilMavenProject.AprilMavenProject.ExcelSheet -->
