<?xml version="1.0" encoding="UTF-8"?>
<!-- Generated by org.testng.reporters.JUnitReportReporter -->
<testsuite hostname="MR-09" failures="0" tests="6" name="AprilMavenProject.AprilMavenProject.Dropdown" time="0.619" errors="0" timestamp="2025-04-04T11:17:15 IST" skipped="0">
  <testcase classname="AprilMavenProject.AprilMavenProject.Dropdown" name="selectByVisibleText" time="0.080"/>
  <testcase classname="AprilMavenProject.AprilMavenProject.Dropdown" name="selectByValue" time="0.057"/>
  <testcase classname="AprilMavenProject.AprilMavenProject.Dropdown" name="selectByindex" time="0.108"/>
  <testcase classname="AprilMavenProject.AprilMavenProject.Dropdown" name="countElementInDropdown" time="0.143"/>
  <testcase classname="AprilMavenProject.AprilMavenProject.Dropdown" name="printElementInDropdown" time="0.091"/>
  <testcase classname="AprilMavenProject.AprilMavenProject.Dropdown" name="printElementInDropdownViaIterator" time="0.140"/>
</testsuite> <!-- AprilMavenProject.AprilMavenProject.Dropdown -->
