<?xml version="1.0" encoding="UTF-8"?>
<!-- Generated by org.testng.reporters.JUnitReportReporter -->
<testsuite hostname="MR-09" failures="0" tests="4" name="AprilMavenProject.AprilMavenProject.Assert1" time="1.056" errors="0" timestamp="2025-04-15T18:03:47 IST" skipped="0">
  <testcase classname="AprilMavenProject.AprilMavenProject.Assert1" name="test4" time="0.010"/>
  <testcase classname="AprilMavenProject.AprilMavenProject.Assert1" name="test3" time="0.014"/>
  <testcase classname="AprilMavenProject.AprilMavenProject.Assert1" name="test1" time="1.009"/>
  <testcase classname="AprilMavenProject.AprilMavenProject.Assert1" name="test2" time="0.023"/>
</testsuite> <!-- AprilMavenProject.AprilMavenProject.Assert1 -->
