<?xml version="1.0" encoding="UTF-8"?>
<!-- Generated by org.testng.reporters.JUnitReportReporter -->
<testsuite hostname="MR-09" failures="0" tests="1" name="AprilMavenProject.AprilMavenProject.DriverRun" time="0.017" errors="0" timestamp="2025-03-31T13:13:36 IST" skipped="0">
  <testcase classname="AprilMavenProject.AprilMavenProject.DriverRun" name="testGoogleTitle" time="0.017"/>
</testsuite> <!-- AprilMavenProject.AprilMavenProject.DriverRun -->
