<?xml version="1.0" encoding="UTF-8"?>
<!-- Generated by org.testng.reporters.JUnitReportReporter -->
<testsuite hostname="MR-09" failures="0" tests="3" name="AprilMavenProject.AprilMavenProject.Manual_Run" time="4.926" errors="0" timestamp="2025-04-16T10:15:02 IST" skipped="0">
  <testcase classname="AprilMavenProject.AprilMavenProject.Manual_Run" name="test1" time="1.120"/>
  <testcase classname="AprilMavenProject.AprilMavenProject.Manual_Run" name="test1" time="2.679"/>
  <testcase classname="AprilMavenProject.AprilMavenProject.Manual_Run" name="test1" time="1.127"/>
</testsuite> <!-- AprilMavenProject.AprilMavenProject.Manual_Run -->
