<?xml version="1.0" encoding="UTF-8"?>
<!-- Generated by org.testng.reporters.JUnitReportReporter -->
<testsuite hostname="MR-09" failures="0" tests="1" name="AprilMavenProject.AprilMavenProject.keyboardaction" time="5.192" errors="0" timestamp="2025-04-16T13:38:11 IST" skipped="0">
  <testcase classname="AprilMavenProject.AprilMavenProject.keyboardaction" name="newTabKeyBoardAction" time="5.192"/>
</testsuite> <!-- AprilMavenProject.AprilMavenProject.keyboardaction -->
