<?xml version="1.0" encoding="UTF-8"?>
<!-- Generated by org.testng.reporters.JUnitReportReporter -->
<testsuite hostname="MR-09" failures="0" tests="5" name="AprilMavenProject.AprilMavenProject.Webtable_static" time="62.067" errors="0" timestamp="2025-04-16T13:38:11 IST" skipped="0">
  <testcase classname="AprilMavenProject.AprilMavenProject.Webtable_static" name="staticwebtable" time="0.225"/>
  <testcase classname="AprilMavenProject.AprilMavenProject.Webtable_static" name="staticWebtable2" time="0.656"/>
  <testcase classname="AprilMavenProject.AprilMavenProject.Webtable_static" name="staticWebtable3" time="60.775"/>
  <testcase classname="AprilMavenProject.AprilMavenProject.Webtable_static" name="staticWebtable4" time="0.167"/>
  <testcase classname="AprilMavenProject.AprilMavenProject.Webtable_static" name="staticWebtable5" time="0.244"/>
</testsuite> <!-- AprilMavenProject.AprilMavenProject.Webtable_static -->
