<?xml version="1.0" encoding="UTF-8"?>
<!-- Generated by org.testng.reporters.JUnitReportReporter -->
<testsuite hostname="MR-09" failures="0" tests="6" name="AprilMavenProject.AprilMavenProject.SelectDropdown" time="0.665" errors="0" timestamp="2025-04-04T11:19:52 IST" skipped="0">
  <testcase classname="AprilMavenProject.AprilMavenProject.SelectDropdown" name="selectByVisibleText" time="0.080"/>
  <testcase classname="AprilMavenProject.AprilMavenProject.SelectDropdown" name="selectByValue" time="0.059"/>
  <testcase classname="AprilMavenProject.AprilMavenProject.SelectDropdown" name="selectByindex" time="0.110"/>
  <testcase classname="AprilMavenProject.AprilMavenProject.SelectDropdown" name="countElementInDropdown" time="0.184"/>
  <testcase classname="AprilMavenProject.AprilMavenProject.SelectDropdown" name="printElementInDropdown" time="0.144"/>
  <testcase classname="AprilMavenProject.AprilMavenProject.SelectDropdown" name="printElementInDropdownViaIterator" time="0.088"/>
</testsuite> <!-- AprilMavenProject.AprilMavenProject.SelectDropdown -->
