<?xml version="1.0" encoding="UTF-8"?>
<!-- Generated by org.testng.reporters.JUnitReportReporter -->
<testsuite hostname="MR-09" failures="0" tests="7" name="AprilMavenProject.AprilMavenProject.javaScriptExecutor" time="76.879" errors="0" timestamp="2025-04-10T10:05:29 IST" skipped="0">
  <testcase classname="AprilMavenProject.AprilMavenProject.javaScriptExecutor" name="javaScript" time="11.246"/>
  <testcase classname="AprilMavenProject.AprilMavenProject.javaScriptExecutor" name="scolldowntillPixel" time="9.928"/>
  <testcase classname="AprilMavenProject.AprilMavenProject.javaScriptExecutor" name="scrolldowntoelement" time="9.612"/>
  <testcase classname="AprilMavenProject.AprilMavenProject.javaScriptExecutor" name="scrollDownTillBottom" time="9.432"/>
  <testcase classname="AprilMavenProject.AprilMavenProject.javaScriptExecutor" name="ZoomIn50" time="15.650"/>
  <testcase classname="AprilMavenProject.AprilMavenProject.javaScriptExecutor" name="uploadfile" time="10.649"/>
  <testcase classname="AprilMavenProject.AprilMavenProject.javaScriptExecutor" name="uploadMultiplefile" time="10.362"/>
</testsuite> <!-- AprilMavenProject.AprilMavenProject.javaScriptExecutor -->
