<?xml version="1.0" encoding="UTF-8"?>
<!-- Generated by org.testng.reporters.JUnitReportReporter -->
<testsuite hostname="MR-09" failures="0" tests="6" name="AprilMavenProject.AprilMavenProject.Dropdown_Select" time="5.171" errors="0" timestamp="2025-04-04T17:01:18 IST" skipped="0">
  <testcase classname="AprilMavenProject.AprilMavenProject.Dropdown_Select" name="selectByVisibleText" time="4.282"/>
  <testcase classname="AprilMavenProject.AprilMavenProject.Dropdown_Select" name="selectByValue" time="0.058"/>
  <testcase classname="AprilMavenProject.AprilMavenProject.Dropdown_Select" name="selectByindex" time="0.107"/>
  <testcase classname="AprilMavenProject.AprilMavenProject.Dropdown_Select" name="countElementInDropdown" time="0.144"/>
  <testcase classname="AprilMavenProject.AprilMavenProject.Dropdown_Select" name="printElementInDropdown" time="0.270"/>
  <testcase classname="AprilMavenProject.AprilMavenProject.Dropdown_Select" name="printElementInDropdownViaIterator" time="0.310"/>
</testsuite> <!-- AprilMavenProject.AprilMavenProject.Dropdown_Select -->
