<?xml version="1.0" encoding="UTF-8"?>
<!-- Generated by org.testng.reporters.JUnitReportReporter -->
<testsuite hostname="MR-09" failures="0" tests="2" name="AprilMavenProject.AprilMavenProject.Dropdown_bootstrap" time="24.297" errors="0" timestamp="2025-04-04T17:11:26 IST" skipped="0">
  <testcase classname="AprilMavenProject.AprilMavenProject.Dropdown_bootstrap" name="bootstrapsinglecheckbox" time="3.071"/>
  <testcase classname="AprilMavenProject.AprilMavenProject.Dropdown_bootstrap" name="bootstrapmultipleselectdropdown" time="21.226"/>
</testsuite> <!-- AprilMavenProject.AprilMavenProject.Dropdown_bootstrap -->
