<?xml version="1.0" encoding="UTF-8"?>
<!-- Generated by org.testng.reporters.JUnitReportReporter -->
<testsuite hostname="MR-09" failures="0" tests="6" name="AprilMavenProject.AprilMavenProject.AlertHandling" time="20.687" errors="0" timestamp="2025-04-16T13:38:11 IST" skipped="0">
  <testcase classname="AprilMavenProject.AprilMavenProject.AlertHandling" name="NormalAlert" time="5.108"/>
  <testcase classname="AprilMavenProject.AprilMavenProject.AlertHandling" name="NormalAlert2" time="0.073"/>
  <testcase classname="AprilMavenProject.AprilMavenProject.AlertHandling" name="confirmationAlert1" time="6.184"/>
  <testcase classname="AprilMavenProject.AprilMavenProject.AlertHandling" name="confirmationAlert2" time="3.073"/>
  <testcase classname="AprilMavenProject.AprilMavenProject.AlertHandling" name="promptAlert" time="6.169"/>
  <testcase classname="AprilMavenProject.AprilMavenProject.AlertHandling" name="promptAlertWithExplicitWait" time="0.080"/>
</testsuite> <!-- AprilMavenProject.AprilMavenProject.AlertHandling -->
