<?xml version="1.0" encoding="UTF-8"?>
<!-- Generated by org.testng.reporters.JUnitReportReporter -->
<testsuite hostname="MR-09" failures="0" tests="1" name="AprilMavenProject.AprilMavenProject.Frames" time="21.214" errors="0" timestamp="2025-04-14T10:20:07 IST" skipped="0">
  <testcase classname="AprilMavenProject.AprilMavenProject.Frames" name="iframeHandling" time="21.214"/>
</testsuite> <!-- AprilMavenProject.AprilMavenProject.Frames -->
