<?xml version="1.0" encoding="UTF-8"?>
<!-- Generated by org.testng.reporters.JUnitReportReporter -->
<testsuite hostname="MR-09" failures="0" tests="1" name="AprilMavenProject.AprilMavenProject.calender" time="17.398" errors="0" timestamp="2025-04-08T11:52:38 IST" skipped="0">
  <testcase classname="AprilMavenProject.AprilMavenProject.calender" name="calenderhandle" time="17.398"/>
</testsuite> <!-- AprilMavenProject.AprilMavenProject.calender -->
