<?xml version="1.0" encoding="UTF-8"?>
<!-- Generated by org.testng.reporters.JUnitReportReporter -->
<testsuite hostname="MR-09" failures="0" tests="5" name="AprilMavenProject.AprilMavenProject.checkboxes" time="36.700" errors="0" timestamp="2025-04-09T15:44:43 IST" skipped="0">
  <testcase classname="AprilMavenProject.AprilMavenProject.checkboxes" name="Selectcheckboxes" time="5.408"/>
  <testcase classname="AprilMavenProject.AprilMavenProject.checkboxes" name="Selectcheckboxes2" time="5.355"/>
  <testcase classname="AprilMavenProject.AprilMavenProject.checkboxes" name="Selectcheckboxes3" time="20.541"/>
  <testcase classname="AprilMavenProject.AprilMavenProject.checkboxes" name="Selectcheckboxes4" time="5.170"/>
  <testcase classname="AprilMavenProject.AprilMavenProject.checkboxes" name="Selectcheckboxes5" time="0.226"/>
</testsuite> <!-- AprilMavenProject.AprilMavenProject.checkboxes -->
