<?xml version="1.0" encoding="UTF-8"?>
<!-- Generated by org.testng.reporters.JUnitReportReporter -->
<testsuite hostname="MR-09" failures="0" tests="1" name="AprilMavenProject.AprilMavenProject.Login" time="0.886" errors="0" timestamp="2025-04-10T13:08:47 IST" skipped="0">
  <testcase classname="AprilMavenProject.AprilMavenProject.Login" name="login" time="0.886"/>
</testsuite> <!-- AprilMavenProject.AprilMavenProject.Login -->
