<?xml version="1.0" encoding="UTF-8"?>
<!-- Generated by org.testng.reporters.JUnitReportReporter -->
<testsuite hostname="MR-09" failures="0" tests="4" name="AprilMavenProject.AprilMavenProject.Conditional_Methods" time="1.075" errors="0" timestamp="2025-04-02T11:40:49 IST" skipped="0">
  <testcase classname="AprilMavenProject.AprilMavenProject.Conditional_Methods" name="isDisplayed" time="0.307"/>
  <testcase classname="AprilMavenProject.AprilMavenProject.Conditional_Methods" name="isEnabled" time="0.227"/>
  <testcase classname="AprilMavenProject.AprilMavenProject.Conditional_Methods" name="isSeleceted" time="0.403"/>
  <testcase classname="AprilMavenProject.AprilMavenProject.Conditional_Methods" name="isDisplayed2" time="0.138"/>
</testsuite> <!-- AprilMavenProject.AprilMavenProject.Conditional_Methods -->
