<?xml version="1.0" encoding="UTF-8"?>
<!-- Generated by org.testng.reporters.JUnitReportReporter -->
<testsuite hostname="MR-09" failures="0" tests="3" name="AprilMavenProject.AprilMavenProject.Capturescreenshot" time="15.467" errors="0" timestamp="2025-04-10T11:35:39 IST" skipped="0">
  <testcase classname="AprilMavenProject.AprilMavenProject.Capturescreenshot" name="fullscreenshot1" time="4.947"/>
  <testcase classname="AprilMavenProject.AprilMavenProject.Capturescreenshot" name="fullscreenshot" time="5.190"/>
  <testcase classname="AprilMavenProject.AprilMavenProject.Capturescreenshot" name="specificComponentScreenshot" time="5.330"/>
</testsuite> <!-- AprilMavenProject.AprilMavenProject.Capturescreenshot -->
