<?xml version="1.0" encoding="UTF-8"?>
<!-- Generated by org.testng.reporters.JUnitReportReporter -->
<testsuite hostname="MR-09" failures="0" tests="1" name="AprilMavenProject.AprilMavenProject.Mouse_hover" time="3.202" errors="0" timestamp="2025-04-16T13:38:11 IST" skipped="0">
  <testcase classname="AprilMavenProject.AprilMavenProject.Mouse_hover" name="rightclick" time="3.202"/>
</testsuite> <!-- AprilMavenProject.AprilMavenProject.Mouse_hover -->
