<?xml version="1.0" encoding="UTF-8"?>
<!-- Generated by org.testng.reporters.JUnitReportReporter -->
<testsuite hostname="MR-09" failures="0" tests="1" name="AprilMavenProject.AprilMavenProject.GetMethods" time="0.540" errors="0" timestamp="2025-04-01T18:05:38 IST" skipped="0">
  <testcase classname="AprilMavenProject.AprilMavenProject.GetMethods" name="test" time="0.540"/>
</testsuite> <!-- AprilMavenProject.AprilMavenProject.GetMethods -->
