<?xml version="1.0" encoding="UTF-8"?>
<!-- Generated by org.testng.reporters.JUnitReportReporter -->
<testsuite hostname="MR-09" failures="0" tests="1" name="AprilMavenProject.AprilMavenProject.Dropdown_HIDDEN" time="4.979" errors="0" timestamp="2025-04-07T13:27:15 IST" skipped="0">
  <testcase classname="AprilMavenProject.AprilMavenProject.Dropdown_HIDDEN" name="hiddendropdown" time="4.979"/>
</testsuite> <!-- AprilMavenProject.AprilMavenProject.Dropdown_HIDDEN -->
